  ConcurrentServer.cpp
C:\Non_system_files\Универ\Программирование сетевых приложений\Labs\ConcurrentServer and comments\ConcurrentServer\Global.h(79,1): warning C4996: 'strcpy': This function or variable may be unsafe. Consider using strcpy_s instead. To disable deprecation, use _CRT_SECURE_NO_WARNINGS. See online help for details.
C:\Program Files (x86)\Windows Kits\10\Include\10.0.17763.0\ucrt\string.h(133): message : см. объявление "strcpy"
C:\Non_system_files\Универ\Программирование сетевых приложений\Labs\ConcurrentServer and comments\ConcurrentServer\Global.h(88,1): warning C4996: 'strcpy': This function or variable may be unsafe. Consider using strcpy_s instead. To disable deprecation, use _CRT_SECURE_NO_WARNINGS. See online help for details.
C:\Program Files (x86)\Windows Kits\10\Include\10.0.17763.0\ucrt\string.h(133): message : см. объявление "strcpy"
C:\Non_system_files\Универ\Программирование сетевых приложений\Labs\ConcurrentServer and comments\ConcurrentServer\DispathServer.h(47,15): warning C4553: "==": результат выражения не используется; вы хотели использовать "="?
C:\Non_system_files\Универ\Программирование сетевых приложений\Labs\ConcurrentServer and comments\ConcurrentServer\DispathServer.h(48,19): warning C4553: "==": результат выражения не используется; вы хотели использовать "="?
C:\Non_system_files\Универ\Программирование сетевых приложений\Labs\ConcurrentServer and comments\ConcurrentServer\DispathServer.h(53,1): warning C4996: 'strcpy': This function or variable may be unsafe. Consider using strcpy_s instead. To disable deprecation, use _CRT_SECURE_NO_WARNINGS. See online help for details.
C:\Program Files (x86)\Windows Kits\10\Include\10.0.17763.0\ucrt\string.h(133): message : см. объявление "strcpy"
C:\Non_system_files\Универ\Программирование сетевых приложений\Labs\ConcurrentServer and comments\ConcurrentServer\GarbageCleaner.h(18,1): warning C4996: 'inet_ntoa': Use inet_ntop() or InetNtop() instead or define _WINSOCK_DEPRECATED_NO_WARNINGS to disable deprecated API warnings
C:\Program Files (x86)\Windows Kits\10\Include\10.0.17763.0\um\Winsock2.h(1849): message : см. объявление "inet_ntoa"
C:\Non_system_files\Универ\Программирование сетевых приложений\Labs\ConcurrentServer and comments\ConcurrentServer\ConsolePipe.h(41,1): warning C4996: 'strcpy': This function or variable may be unsafe. Consider using strcpy_s instead. To disable deprecation, use _CRT_SECURE_NO_WARNINGS. See online help for details.
C:\Program Files (x86)\Windows Kits\10\Include\10.0.17763.0\ucrt\string.h(133): message : см. объявление "strcpy"
C:\Non_system_files\Универ\Программирование сетевых приложений\Labs\ConcurrentServer and comments\ConcurrentServer\ConsolePipe.h(42,1): warning C4996: 'strcat': This function or variable may be unsafe. Consider using strcat_s instead. To disable deprecation, use _CRT_SECURE_NO_WARNINGS. See online help for details.
C:\Program Files (x86)\Windows Kits\10\Include\10.0.17763.0\ucrt\string.h(90): message : см. объявление "strcat"
C:\Non_system_files\Универ\Программирование сетевых приложений\Labs\ConcurrentServer and comments\ConcurrentServer\ConsolePipe.h(70,1): warning C4996: 'sprintf': This function or variable may be unsafe. Consider using sprintf_s instead. To disable deprecation, use _CRT_SECURE_NO_WARNINGS. See online help for details.
C:\Program Files (x86)\Windows Kits\10\Include\10.0.17763.0\ucrt\stdio.h(1774): message : см. объявление "sprintf"
C:\Non_system_files\Универ\Программирование сетевых приложений\Labs\ConcurrentServer and comments\ConcurrentServer\ConsolePipe.h(74,1): warning C4996: 'sprintf': This function or variable may be unsafe. Consider using sprintf_s instead. To disable deprecation, use _CRT_SECURE_NO_WARNINGS. See online help for details.
C:\Program Files (x86)\Windows Kits\10\Include\10.0.17763.0\ucrt\stdio.h(1774): message : см. объявление "sprintf"
C:\Non_system_files\Универ\Программирование сетевых приложений\Labs\ConcurrentServer and comments\ConcurrentServer\ConsolePipe.h(78,1): warning C4996: 'sprintf': This function or variable may be unsafe. Consider using sprintf_s instead. To disable deprecation, use _CRT_SECURE_NO_WARNINGS. See online help for details.
C:\Program Files (x86)\Windows Kits\10\Include\10.0.17763.0\ucrt\stdio.h(1774): message : см. объявление "sprintf"
C:\Non_system_files\Универ\Программирование сетевых приложений\Labs\ConcurrentServer and comments\ConcurrentServer\ConsolePipe.h(82,1): warning C4996: 'sprintf': This function or variable may be unsafe. Consider using sprintf_s instead. To disable deprecation, use _CRT_SECURE_NO_WARNINGS. See online help for details.
C:\Program Files (x86)\Windows Kits\10\Include\10.0.17763.0\ucrt\stdio.h(1774): message : см. объявление "sprintf"
C:\Non_system_files\Универ\Программирование сетевых приложений\Labs\ConcurrentServer and comments\ConcurrentServer\ConsolePipe.h(86,1): warning C4996: 'sprintf': This function or variable may be unsafe. Consider using sprintf_s instead. To disable deprecation, use _CRT_SECURE_NO_WARNINGS. See online help for details.
C:\Program Files (x86)\Windows Kits\10\Include\10.0.17763.0\ucrt\stdio.h(1774): message : см. объявление "sprintf"
C:\Non_system_files\Универ\Программирование сетевых приложений\Labs\ConcurrentServer and comments\ConcurrentServer\ConsolePipe.h(90,1): warning C4996: 'sprintf': This function or variable may be unsafe. Consider using sprintf_s instead. To disable deprecation, use _CRT_SECURE_NO_WARNINGS. See online help for details.
C:\Program Files (x86)\Windows Kits\10\Include\10.0.17763.0\ucrt\stdio.h(1774): message : см. объявление "sprintf"
C:\Non_system_files\Универ\Программирование сетевых приложений\Labs\ConcurrentServer and comments\ConcurrentServer\ConsolePipe.h(94,1): warning C4996: 'sprintf': This function or variable may be unsafe. Consider using sprintf_s instead. To disable deprecation, use _CRT_SECURE_NO_WARNINGS. See online help for details.
C:\Program Files (x86)\Windows Kits\10\Include\10.0.17763.0\ucrt\stdio.h(1774): message : см. объявление "sprintf"
  ConcurrentServer.vcxproj -> C:\Non_system_files\Универ\Программирование сетевых приложений\Labs\ConcurrentServer and comments\Debug\ConcurrentServer.exe
